
@----------------------------------------------------------@
|        PLINK!       |     v1.07      |   10/Aug/2009     |
|----------------------------------------------------------|
|  (C) 2009 Shaun Purcell, GNU General Public License, v2  |
|----------------------------------------------------------|
|  For documentation, citation & bug-report instructions:  |
|        http://pngu.mgh.harvard.edu/purcell/plink/        |
@----------------------------------------------------------@

Skipping web check... [ --noweb ] 
Writing this text to log file [ 02_19GABA_all_snps.log ]
Analysis started: Wed Mar 25 11:01:04 2015

Options in effect:
	--noweb
	--bfile 01_19GABA_monomorphic
	--freq
	--out 02_19GABA_all_snps

Reading map (extended format) from [ 01_19GABA_monomorphic.bim ] 
259 markers to be included from [ 01_19GABA_monomorphic.bim ]
Reading pedigree information from [ 01_19GABA_monomorphic.fam ] 
875 individuals read from [ 01_19GABA_monomorphic.fam ] 
875 individuals with nonmissing phenotypes
Assuming a disease phenotype (1=unaff, 2=aff, 0=miss)
Missing phenotype value is also -9
126 cases, 749 controls and 0 missing
508 males, 367 females, and 0 of unspecified sex
Reading genotype bitfile from [ 01_19GABA_monomorphic.bed ] 
Detected that binary PED file is v1.00 SNP-major mode
Before frequency and genotyping pruning, there are 259 SNPs
782 founders and 93 non-founders found
Writing allele frequencies (founders-only) to [ 02_19GABA_all_snps.frq ] 

Analysis finished: Wed Mar 25 11:01:04 2015


@----------------------------------------------------------@
|        PLINK!       |     v1.07      |   10/Aug/2009     |
|----------------------------------------------------------|
|  (C) 2009 Shaun Purcell, GNU General Public License, v2  |
|----------------------------------------------------------|
|  For documentation, citation & bug-report instructions:  |
|        http://pngu.mgh.harvard.edu/purcell/plink/        |
@----------------------------------------------------------@

Skipping web check... [ --noweb ] 
Writing this text to log file [ 03_19GABA_common_snps.log ]
Analysis started: Wed Mar 25 11:02:17 2015

Options in effect:
	--noweb
	--bfile 01_19GABA_monomorphic
	--maf 0.05
	--make-bed
	--out 03_19GABA_common_snps

Reading map (extended format) from [ 01_19GABA_monomorphic.bim ] 
259 markers to be included from [ 01_19GABA_monomorphic.bim ]
Reading pedigree information from [ 01_19GABA_monomorphic.fam ] 
875 individuals read from [ 01_19GABA_monomorphic.fam ] 
875 individuals with nonmissing phenotypes
Assuming a disease phenotype (1=unaff, 2=aff, 0=miss)
Missing phenotype value is also -9
126 cases, 749 controls and 0 missing
508 males, 367 females, and 0 of unspecified sex
Reading genotype bitfile from [ 01_19GABA_monomorphic.bed ] 
Detected that binary PED file is v1.00 SNP-major mode
Before frequency and genotyping pruning, there are 259 SNPs
782 founders and 93 non-founders found
Total genotyping rate in remaining individuals is 0.998822
0 SNPs failed missingness test ( GENO > 1 )
15 SNPs failed frequency test ( MAF < 0.05 )
After frequency and genotyping pruning, there are 244 SNPs
After filtering, 126 cases, 749 controls and 0 missing
After filtering, 508 males, 367 females, and 0 of unspecified sex
Writing pedigree information to [ 03_19GABA_common_snps.fam ] 
Writing map (extended format) information to [ 03_19GABA_common_snps.bim ] 
Writing genotype bitfile to [ 03_19GABA_common_snps.bed ] 
Using (default) SNP-major mode

Analysis finished: Wed Mar 25 11:02:17 2015


@----------------------------------------------------------@
|        PLINK!       |     v1.07      |   10/Aug/2009     |
|----------------------------------------------------------|
|  (C) 2009 Shaun Purcell, GNU General Public License, v2  |
|----------------------------------------------------------|
|  For documentation, citation & bug-report instructions:  |
|        http://pngu.mgh.harvard.edu/purcell/plink/        |
@----------------------------------------------------------@

Skipping web check... [ --noweb ] 
Writing this text to log file [ 04_19GABA_common_snps_recodeA.log ]
Analysis started: Wed Mar 25 11:05:25 2015

Options in effect:
	--noweb
	--bfile 03_19GABA_common_snps
	--recodeA
	--out 04_19GABA_common_snps_recodeA

Reading map (extended format) from [ 03_19GABA_common_snps.bim ] 
244 markers to be included from [ 03_19GABA_common_snps.bim ]
Reading pedigree information from [ 03_19GABA_common_snps.fam ] 
875 individuals read from [ 03_19GABA_common_snps.fam ] 
875 individuals with nonmissing phenotypes
Assuming a disease phenotype (1=unaff, 2=aff, 0=miss)
Missing phenotype value is also -9
126 cases, 749 controls and 0 missing
508 males, 367 females, and 0 of unspecified sex
Reading genotype bitfile from [ 03_19GABA_common_snps.bed ] 
Detected that binary PED file is v1.00 SNP-major mode
Before frequency and genotyping pruning, there are 244 SNPs
782 founders and 93 non-founders found
Total genotyping rate in remaining individuals is 0.998806
0 SNPs failed missingness test ( GENO > 1 )
0 SNPs failed frequency test ( MAF < 0 )
After frequency and genotyping pruning, there are 244 SNPs
After filtering, 126 cases, 749 controls and 0 missing
After filtering, 508 males, 367 females, and 0 of unspecified sex
Writing recoded file to [ 04_19GABA_common_snps_recodeA.raw ] 

Analysis finished: Wed Mar 25 11:05:25 2015


@----------------------------------------------------------@
|        PLINK!       |     v1.07      |   10/Aug/2009     |
|----------------------------------------------------------|
|  (C) 2009 Shaun Purcell, GNU General Public License, v2  |
|----------------------------------------------------------|
|  For documentation, citation & bug-report instructions:  |
|        http://pngu.mgh.harvard.edu/purcell/plink/        |
@----------------------------------------------------------@

Skipping web check... [ --noweb ] 
Writing this text to log file [ 07_19GABA_rare_snps.log ]
Analysis started: Wed Mar 25 12:18:21 2015

Options in effect:
	--noweb
	--bfile 01_19GABA_monomorphic
	--extract rare_snp_list_19GABA.txt
	--make-bed
	--out 07_19GABA_rare_snps

Reading map (extended format) from [ 01_19GABA_monomorphic.bim ] 
259 markers to be included from [ 01_19GABA_monomorphic.bim ]
Reading pedigree information from [ 01_19GABA_monomorphic.fam ] 
875 individuals read from [ 01_19GABA_monomorphic.fam ] 
875 individuals with nonmissing phenotypes
Assuming a disease phenotype (1=unaff, 2=aff, 0=miss)
Missing phenotype value is also -9
126 cases, 749 controls and 0 missing
508 males, 367 females, and 0 of unspecified sex
Reading genotype bitfile from [ 01_19GABA_monomorphic.bed ] 
Detected that binary PED file is v1.00 SNP-major mode
Reading list of SNPs to extract [ rare_snp_list_19GABA.txt ] ... 15 read
Before frequency and genotyping pruning, there are 15 SNPs
782 founders and 93 non-founders found
Total genotyping rate in remaining individuals is 0.999086
0 SNPs failed missingness test ( GENO > 1 )
0 SNPs failed frequency test ( MAF < 0 )
After frequency and genotyping pruning, there are 15 SNPs
After filtering, 126 cases, 749 controls and 0 missing
After filtering, 508 males, 367 females, and 0 of unspecified sex
Writing pedigree information to [ 07_19GABA_rare_snps.fam ] 
Writing map (extended format) information to [ 07_19GABA_rare_snps.bim ] 
Writing genotype bitfile to [ 07_19GABA_rare_snps.bed ] 
Using (default) SNP-major mode

Analysis finished: Wed Mar 25 12:18:21 2015


@----------------------------------------------------------@
|        PLINK!       |     v1.07      |   10/Aug/2009     |
|----------------------------------------------------------|
|  (C) 2009 Shaun Purcell, GNU General Public License, v2  |
|----------------------------------------------------------|
|  For documentation, citation & bug-report instructions:  |
|        http://pngu.mgh.harvard.edu/purcell/plink/        |
@----------------------------------------------------------@

Skipping web check... [ --noweb ] 
Writing this text to log file [ 08_19GABA_rare_snps_recodeA.log ]
Analysis started: Wed Mar 25 12:19:02 2015

Options in effect:
	--noweb
	--bfile 07_19GABA_rare_snps
	--recodeA
	--out 08_19GABA_rare_snps_recodeA

Reading map (extended format) from [ 07_19GABA_rare_snps.bim ] 
15 markers to be included from [ 07_19GABA_rare_snps.bim ]
Reading pedigree information from [ 07_19GABA_rare_snps.fam ] 
875 individuals read from [ 07_19GABA_rare_snps.fam ] 
875 individuals with nonmissing phenotypes
Assuming a disease phenotype (1=unaff, 2=aff, 0=miss)
Missing phenotype value is also -9
126 cases, 749 controls and 0 missing
508 males, 367 females, and 0 of unspecified sex
Reading genotype bitfile from [ 07_19GABA_rare_snps.bed ] 
Detected that binary PED file is v1.00 SNP-major mode
Before frequency and genotyping pruning, there are 15 SNPs
782 founders and 93 non-founders found
Total genotyping rate in remaining individuals is 0.999086
0 SNPs failed missingness test ( GENO > 1 )
0 SNPs failed frequency test ( MAF < 0 )
After frequency and genotyping pruning, there are 15 SNPs
After filtering, 126 cases, 749 controls and 0 missing
After filtering, 508 males, 367 females, and 0 of unspecified sex
Writing recoded file to [ 08_19GABA_rare_snps_recodeA.raw ] 

Analysis finished: Wed Mar 25 12:19:02 2015

